<?xml version="1.0" encoding="UTF-8"?>
<!-- Generated by org.testng.reporters.JUnitReportReporter -->
<testsuite skipped="0" hostname="apathak-MBP.local" name="IndependentTest" tests="6" failures="0" timestamp="17 Mar 2021 05:52:36 GMT" time="0.026" errors="0">
  <testcase name="testmethod" time="0.007" classname="IndependentTest"/>
  <testcase name="testmethod" time="0.007" classname="IndependentTest"/>
  <testcase name="testmethod" time="0.002" classname="IndependentTest"/>
  <testcase name="testmethod" time="0.007" classname="IndependentTest"/>
  <testcase name="testmethod" time="0.001" classname="IndependentTest"/>
  <testcase name="testmethod" time="0.002" classname="IndependentTest"/>
</testsuite> <!-- IndependentTest -->
