<?xml version="1.0" encoding="UTF-8"?>
<!-- Generated by org.testng.reporters.JUnitReportReporter -->
<testsuite skipped="0" hostname="apathak-MBP.local" name="Params" tests="2" failures="0" timestamp="17 Mar 2021 06:27:59 GMT" time="0.020" errors="0">
  <testcase name="sum" time="0.010" classname="Params"/>
  <testcase name="diff" time="0.010" classname="Params"/>
</testsuite> <!-- Params -->
